
*** Running vivado
    with args -log ALU_tb.vds -m64 -product Vivado -mode batch -messageDb vivado.pb -notrace -source ALU_tb.tcl


ECHO is off.
ECHO is off.

****** Vivado v2023.2 (64-bit)
  **** SW Build 4029153 on Fri Oct 13 20:14:34 MDT 2023
  **** IP Build 4028589 on Sat Oct 14 00:45:43 MDT 2023
  **** SharedData Build 4025554 on Tue Oct 10 17:18:54 MDT 2023
    ** Copyright 1986-2022 Xilinx, Inc. All Rights Reserved.
    ** Copyright 2022-2023 Advanced Micro Devices, Inc. All Rights Reserved.

source ALU_tb.tcl -notrace
create_project: Time (s): cpu = 00:00:04 ; elapsed = 00:00:05 . Memory (MB): peak = 484.809 ; gain = 179.113
Command: read_checkpoint -auto_incremental -incremental C:/Users/jacob/OneDrive/Desktop/449/16Bit-Processor/Processor/Processor.srcs/utils_1/imports/synth_1/ALU_tb.dcp
INFO: [Vivado 12-5825] Read reference checkpoint from C:/Users/jacob/OneDrive/Desktop/449/16Bit-Processor/Processor/Processor.srcs/utils_1/imports/synth_1/ALU_tb.dcp for incremental synthesis
INFO: [Vivado 12-7989] Please ensure there are no constraint changes
Command: synth_design -top ALU_tb -part xc7a35tcpg236-1
Starting synth_design
Attempting to get a license for feature 'Synthesis' and/or device 'xc7a35t'
INFO: [Common 17-349] Got license for feature 'Synthesis' and/or device 'xc7a35t'
INFO: [Designutils 20-5440] No compile time benefit to using incremental synthesis; A full resynthesis will be run
INFO: [Designutils 20-4379] Flow is switching to default flow due to incremental criteria not met. If you would like to alter this behaviour and have the flow terminate instead, please set the following parameter config_implementation {autoIncr.Synth.RejectBehavior Terminate}
INFO: [Synth 8-7079] Multithreading enabled for synth_design using a maximum of 2 processes.
INFO: [Synth 8-7078] Launching helper process for spawning children vivado processes
INFO: [Synth 8-7075] Helper process launched with PID 1828
---------------------------------------------------------------------------------
Starting Synthesize : Time (s): cpu = 00:00:04 ; elapsed = 00:00:05 . Memory (MB): peak = 937.008 ; gain = 438.285
---------------------------------------------------------------------------------
INFO: [Synth 8-638] synthesizing module 'ALU_tb' [C:/Users/jacob/OneDrive/Desktop/449/16Bit-Processor/Processor/Processor.srcs/sources_1/imports/new/testbench.vhd:9]
INFO: [Synth 8-638] synthesizing module 'ALU' [C:/Users/jacob/OneDrive/Desktop/449/16Bit-Processor/Processor/Processor.srcs/sources_1/imports/new/ALU.vhd:20]
INFO: [Synth 8-3491] module 'Left_Shift' declared at 'C:/Users/jacob/OneDrive/Desktop/449/16Bit-Processor/Processor/Processor.srcs/sources_1/imports/new/Left_Shift.vhd:5' bound to instance 'shift_left_operation' of component 'Left_Shift' [C:/Users/jacob/OneDrive/Desktop/449/16Bit-Processor/Processor/Processor.srcs/sources_1/imports/new/ALU.vhd:42]
INFO: [Synth 8-638] synthesizing module 'Left_Shift' [C:/Users/jacob/OneDrive/Desktop/449/16Bit-Processor/Processor/Processor.srcs/sources_1/imports/new/Left_Shift.vhd:13]
INFO: [Synth 8-256] done synthesizing module 'Left_Shift' (0#1) [C:/Users/jacob/OneDrive/Desktop/449/16Bit-Processor/Processor/Processor.srcs/sources_1/imports/new/Left_Shift.vhd:13]
INFO: [Synth 8-3491] module 'Right_Shift' declared at 'C:/Users/jacob/OneDrive/Desktop/449/16Bit-Processor/Processor/Processor.srcs/sources_1/new/Right_Shift.vhd:5' bound to instance 'shift_right_operation' of component 'Right_Shift' [C:/Users/jacob/OneDrive/Desktop/449/16Bit-Processor/Processor/Processor.srcs/sources_1/imports/new/ALU.vhd:48]
INFO: [Synth 8-638] synthesizing module 'Right_Shift' [C:/Users/jacob/OneDrive/Desktop/449/16Bit-Processor/Processor/Processor.srcs/sources_1/new/Right_Shift.vhd:13]
INFO: [Synth 8-256] done synthesizing module 'Right_Shift' (0#1) [C:/Users/jacob/OneDrive/Desktop/449/16Bit-Processor/Processor/Processor.srcs/sources_1/new/Right_Shift.vhd:13]
INFO: [Synth 8-256] done synthesizing module 'ALU' (0#1) [C:/Users/jacob/OneDrive/Desktop/449/16Bit-Processor/Processor/Processor.srcs/sources_1/imports/new/ALU.vhd:20]
WARNING: [Synth 8-312] ignoring unsynthesizable construct: wait statement with no conditon [C:/Users/jacob/OneDrive/Desktop/449/16Bit-Processor/Processor/Processor.srcs/sources_1/imports/new/testbench.vhd:32]
WARNING: [Synth 8-312] ignoring unsynthesizable construct: wait statement with no conditon [C:/Users/jacob/OneDrive/Desktop/449/16Bit-Processor/Processor/Processor.srcs/sources_1/imports/new/testbench.vhd:38]
WARNING: [Synth 8-312] ignoring unsynthesizable construct: wait statement with no conditon [C:/Users/jacob/OneDrive/Desktop/449/16Bit-Processor/Processor/Processor.srcs/sources_1/imports/new/testbench.vhd:44]
WARNING: [Synth 8-312] ignoring unsynthesizable construct: wait statement with no conditon [C:/Users/jacob/OneDrive/Desktop/449/16Bit-Processor/Processor/Processor.srcs/sources_1/imports/new/testbench.vhd:49]
WARNING: [Synth 8-312] ignoring unsynthesizable construct: wait statement with no conditon [C:/Users/jacob/OneDrive/Desktop/449/16Bit-Processor/Processor/Processor.srcs/sources_1/imports/new/testbench.vhd:57]
WARNING: [Synth 8-312] ignoring unsynthesizable construct: wait statement with no conditon [C:/Users/jacob/OneDrive/Desktop/449/16Bit-Processor/Processor/Processor.srcs/sources_1/imports/new/testbench.vhd:63]
WARNING: [Synth 8-312] ignoring unsynthesizable construct: wait statement with no conditon [C:/Users/jacob/OneDrive/Desktop/449/16Bit-Processor/Processor/Processor.srcs/sources_1/imports/new/testbench.vhd:69]
WARNING: [Synth 8-312] ignoring unsynthesizable construct: wait statement with no conditon [C:/Users/jacob/OneDrive/Desktop/449/16Bit-Processor/Processor/Processor.srcs/sources_1/imports/new/testbench.vhd:76]
WARNING: [Synth 8-312] ignoring unsynthesizable construct: wait statement with no conditon [C:/Users/jacob/OneDrive/Desktop/449/16Bit-Processor/Processor/Processor.srcs/sources_1/imports/new/testbench.vhd:82]
WARNING: [Synth 8-312] ignoring unsynthesizable construct: wait statement with no conditon [C:/Users/jacob/OneDrive/Desktop/449/16Bit-Processor/Processor/Processor.srcs/sources_1/imports/new/testbench.vhd:89]
INFO: [Synth 8-256] done synthesizing module 'ALU_tb' (0#1) [C:/Users/jacob/OneDrive/Desktop/449/16Bit-Processor/Processor/Processor.srcs/sources_1/imports/new/testbench.vhd:9]
---------------------------------------------------------------------------------
Finished Synthesize : Time (s): cpu = 00:00:06 ; elapsed = 00:00:06 . Memory (MB): peak = 1045.207 ; gain = 546.484
---------------------------------------------------------------------------------
---------------------------------------------------------------------------------
Finished Constraint Validation : Time (s): cpu = 00:00:06 ; elapsed = 00:00:07 . Memory (MB): peak = 1045.207 ; gain = 546.484
---------------------------------------------------------------------------------
---------------------------------------------------------------------------------
Start Loading Part and Timing Information
---------------------------------------------------------------------------------
Loading part: xc7a35tcpg236-1
---------------------------------------------------------------------------------
Finished Loading Part and Timing Information : Time (s): cpu = 00:00:06 ; elapsed = 00:00:07 . Memory (MB): peak = 1045.207 ; gain = 546.484
---------------------------------------------------------------------------------
INFO: [Device 21-403] Loading part xc7a35tcpg236-1
WARNING: [Synth 8-327] inferring latch for variable 'alu_operation.mux_out_reg' [C:/Users/jacob/OneDrive/Desktop/449/16Bit-Processor/Processor/Processor.srcs/sources_1/imports/new/ALU.vhd:74]
---------------------------------------------------------------------------------
Finished RTL Optimization Phase 2 : Time (s): cpu = 00:00:07 ; elapsed = 00:00:07 . Memory (MB): peak = 1045.207 ; gain = 546.484
---------------------------------------------------------------------------------
No constraint files found.
---------------------------------------------------------------------------------
Start RTL Component Statistics 
---------------------------------------------------------------------------------
Detailed RTL Component Info : 
+---Adders : 
	   3 Input   16 Bit       Adders := 1     
+---Muxes : 
	   2 Input   16 Bit        Muxes := 2     
	   8 Input   16 Bit        Muxes := 1     
	   2 Input    1 Bit        Muxes := 99    
	   8 Input    1 Bit        Muxes := 1     
---------------------------------------------------------------------------------
Finished RTL Component Statistics 
---------------------------------------------------------------------------------
---------------------------------------------------------------------------------
Start Part Resource Summary
---------------------------------------------------------------------------------
Part Resources:
DSPs: 90 (col length:60)
BRAMs: 100 (col length: RAMB18 60 RAMB36 30)
---------------------------------------------------------------------------------
Finished Part Resource Summary
---------------------------------------------------------------------------------
No constraint files found.
---------------------------------------------------------------------------------
Start Cross Boundary and Area Optimization
---------------------------------------------------------------------------------
WARNING: [Synth 8-7080] Parallel synthesis criteria is not met
WARNING: [Synth 8-3332] Sequential element (uut/alu_operation.mux_out_reg[15]) is unused and will be removed from module ALU_tb.
WARNING: [Synth 8-3332] Sequential element (uut/alu_operation.mux_out_reg[14]) is unused and will be removed from module ALU_tb.
WARNING: [Synth 8-3332] Sequential element (uut/alu_operation.mux_out_reg[13]) is unused and will be removed from module ALU_tb.
WARNING: [Synth 8-3332] Sequential element (uut/alu_operation.mux_out_reg[12]) is unused and will be removed from module ALU_tb.
WARNING: [Synth 8-3332] Sequential element (uut/alu_operation.mux_out_reg[11]) is unused and will be removed from module ALU_tb.
WARNING: [Synth 8-3332] Sequential element (uut/alu_operation.mux_out_reg[10]) is unused and will be removed from module ALU_tb.
WARNING: [Synth 8-3332] Sequential element (uut/alu_operation.mux_out_reg[9]) is unused and will be removed from module ALU_tb.
WARNING: [Synth 8-3332] Sequential element (uut/alu_operation.mux_out_reg[8]) is unused and will be removed from module ALU_tb.
WARNING: [Synth 8-3332] Sequential element (uut/alu_operation.mux_out_reg[7]) is unused and will be removed from module ALU_tb.
WARNING: [Synth 8-3332] Sequential element (uut/alu_operation.mux_out_reg[6]) is unused and will be removed from module ALU_tb.
WARNING: [Synth 8-3332] Sequential element (uut/alu_operation.mux_out_reg[5]) is unused and will be removed from module ALU_tb.
WARNING: [Synth 8-3332] Sequential element (uut/alu_operation.mux_out_reg[4]) is unused and will be removed from module ALU_tb.
WARNING: [Synth 8-3332] Sequential element (uut/alu_operation.mux_out_reg[3]) is unused and will be removed from module ALU_tb.
WARNING: [Synth 8-3332] Sequential element (uut/alu_operation.mux_out_reg[2]) is unused and will be removed from module ALU_tb.
WARNING: [Synth 8-3332] Sequential element (uut/alu_operation.mux_out_reg[1]) is unused and will be removed from module ALU_tb.
WARNING: [Synth 8-3332] Sequential element (uut/alu_operation.mux_out_reg[0]) is unused and will be removed from module ALU_tb.
---------------------------------------------------------------------------------
Finished Cross Boundary and Area Optimization : Time (s): cpu = 00:00:10 ; elapsed = 00:00:12 . Memory (MB): peak = 1225.547 ; gain = 726.824
---------------------------------------------------------------------------------
No constraint files found.
---------------------------------------------------------------------------------
Start Timing Optimization
---------------------------------------------------------------------------------
---------------------------------------------------------------------------------
Finished Timing Optimization : Time (s): cpu = 00:00:10 ; elapsed = 00:00:12 . Memory (MB): peak = 1225.547 ; gain = 726.824
---------------------------------------------------------------------------------
---------------------------------------------------------------------------------
Start Technology Mapping
---------------------------------------------------------------------------------
---------------------------------------------------------------------------------
Finished Technology Mapping : Time (s): cpu = 00:00:10 ; elapsed = 00:00:12 . Memory (MB): peak = 1225.547 ; gain = 726.824
---------------------------------------------------------------------------------
---------------------------------------------------------------------------------
Start IO Insertion
---------------------------------------------------------------------------------
---------------------------------------------------------------------------------
Start Flattening Before IO Insertion
---------------------------------------------------------------------------------
---------------------------------------------------------------------------------
Finished Flattening Before IO Insertion
---------------------------------------------------------------------------------
---------------------------------------------------------------------------------
Start Final Netlist Cleanup
---------------------------------------------------------------------------------
---------------------------------------------------------------------------------
Finished Final Netlist Cleanup
---------------------------------------------------------------------------------
---------------------------------------------------------------------------------
Finished IO Insertion : Time (s): cpu = 00:00:14 ; elapsed = 00:00:16 . Memory (MB): peak = 1225.547 ; gain = 726.824
---------------------------------------------------------------------------------
---------------------------------------------------------------------------------
Start Renaming Generated Instances
---------------------------------------------------------------------------------
---------------------------------------------------------------------------------
Finished Renaming Generated Instances : Time (s): cpu = 00:00:14 ; elapsed = 00:00:16 . Memory (MB): peak = 1225.547 ; gain = 726.824
---------------------------------------------------------------------------------
---------------------------------------------------------------------------------
Start Rebuilding User Hierarchy
---------------------------------------------------------------------------------
---------------------------------------------------------------------------------
Finished Rebuilding User Hierarchy : Time (s): cpu = 00:00:14 ; elapsed = 00:00:16 . Memory (MB): peak = 1225.547 ; gain = 726.824
---------------------------------------------------------------------------------
---------------------------------------------------------------------------------
Start Renaming Generated Ports
---------------------------------------------------------------------------------
---------------------------------------------------------------------------------
Finished Renaming Generated Ports : Time (s): cpu = 00:00:14 ; elapsed = 00:00:16 . Memory (MB): peak = 1225.547 ; gain = 726.824
---------------------------------------------------------------------------------
---------------------------------------------------------------------------------
Start Handling Custom Attributes
---------------------------------------------------------------------------------
---------------------------------------------------------------------------------
Finished Handling Custom Attributes : Time (s): cpu = 00:00:14 ; elapsed = 00:00:16 . Memory (MB): peak = 1225.547 ; gain = 726.824
---------------------------------------------------------------------------------
---------------------------------------------------------------------------------
Start Renaming Generated Nets
---------------------------------------------------------------------------------
---------------------------------------------------------------------------------
Finished Renaming Generated Nets : Time (s): cpu = 00:00:14 ; elapsed = 00:00:16 . Memory (MB): peak = 1225.547 ; gain = 726.824
---------------------------------------------------------------------------------
---------------------------------------------------------------------------------
Start Writing Synthesis Report
---------------------------------------------------------------------------------

Report BlackBoxes: 
+-+--------------+----------+
| |BlackBox name |Instances |
+-+--------------+----------+
+-+--------------+----------+

Report Cell Usage: 
+-+-----+------+
| |Cell |Count |
+-+-----+------+
+-+-----+------+

Report Instance Areas: 
+------+---------+-------+------+
|      |Instance |Module |Cells |
+------+---------+-------+------+
|1     |top      |       |     0|
+------+---------+-------+------+
---------------------------------------------------------------------------------
Finished Writing Synthesis Report : Time (s): cpu = 00:00:14 ; elapsed = 00:00:16 . Memory (MB): peak = 1225.547 ; gain = 726.824
---------------------------------------------------------------------------------
Synthesis finished with 0 errors, 0 critical warnings and 28 warnings.
Synthesis Optimization Runtime : Time (s): cpu = 00:00:14 ; elapsed = 00:00:16 . Memory (MB): peak = 1225.547 ; gain = 726.824
Synthesis Optimization Complete : Time (s): cpu = 00:00:14 ; elapsed = 00:00:16 . Memory (MB): peak = 1225.547 ; gain = 726.824
INFO: [Project 1-571] Translating synthesized netlist
Netlist sorting complete. Time (s): cpu = 00:00:00 ; elapsed = 00:00:00 . Memory (MB): peak = 1225.547 ; gain = 0.000
INFO: [Project 1-570] Preparing netlist for logic optimization
INFO: [Opt 31-138] Pushed 0 inverter(s) to 0 load pin(s).
Netlist sorting complete. Time (s): cpu = 00:00:00 ; elapsed = 00:00:00 . Memory (MB): peak = 1325.676 ; gain = 0.000
INFO: [Project 1-111] Unisim Transformation Summary:
No Unisim elements were transformed.

The system cannot find the path specified.
Synth Design complete | Checksum: 114efbfd
INFO: [Common 17-83] Releasing license: Synthesis
24 Infos, 28 Warnings, 0 Critical Warnings and 0 Errors encountered.
synth_design completed successfully
synth_design: Time (s): cpu = 00:00:16 ; elapsed = 00:00:17 . Memory (MB): peak = 1325.676 ; gain = 836.945
INFO: [Common 17-1381] The checkpoint 'C:/Users/jacob/OneDrive/Desktop/449/16Bit-Processor/Processor/Processor.runs/synth_1/ALU_tb.dcp' has been generated.
INFO: [runtcl-4] Executing : report_utilization -file ALU_tb_utilization_synth.rpt -pb ALU_tb_utilization_synth.pb
INFO: [Common 17-206] Exiting Vivado at Sat Mar  2 11:57:11 2024...
